2020-03-01 17:51:31,265 - qtpyvcp - INFO - Logging to /home/andre/linuxcnc/configs/RedDragon_machine/RedDragon.log
2020-03-01 17:51:31,265 - qtpyvcp - INFO - QtPyVCP Version: v0.3.4+89.gd5a719f8
2020-03-01 17:51:31,578 - qtpyvcp.utilities.info - INFO - The machine has 3 axes and 3 joints
2020-03-01 17:51:31,578 - qtpyvcp.utilities.info - INFO - The Axis/Joint mapping is:
2020-03-01 17:51:31,578 - qtpyvcp.utilities.info - INFO - Axis X --> Joint 0
2020-03-01 17:51:31,579 - qtpyvcp.utilities.info - INFO - Axis Y --> Joint 1
2020-03-01 17:51:31,579 - qtpyvcp.utilities.info - INFO - Axis Z --> Joint 2
2020-03-01 17:51:31,586 - qtpyvcp.utilities.info - WARNING - No [TRAJ] SPINDLES entry in INI, using 1
2020-03-01 17:51:31,638 - qtpyvcp - INFO - Loading global stylesheet: /home/andre/probe_basic/probe_basic/probe_basic.qss
2020-03-01 17:51:33,577 - qtpyvcp.vcp_launcher - INFO - Loading POSTGUI_HALFILE: /home/andre/linuxcnc/configs/RedDragon_machine/hallib/postgui_call_list.hal
2020-03-01 17:51:36,497 - qtpyvcp.plugins.notifications - INFO - aborting
2020-03-01 17:51:38,451 - qtpyvcp.actions.machine_actions - INFO - Homing all axes
2020-03-01 17:51:43,487 - qtpyvcp.plugins.tool_table - INFO - Reloading tool in spindle: 3
2020-03-01 17:51:43,738 - qtpyvcp.actions.machine_actions - INFO - Issuing MDI command: M61 Q3 G43
2020-03-01 17:51:47,323 - qtpyvcp.actions.machine_actions - INFO - Issuing MDI command: o<spindle_warmup> call
2020-03-01 17:51:47,344 - qtpyvcp.plugins.notifications - INFO - Spindle-Warmup-Speed 12000rpm for 2 min. 

2020-03-01 17:51:49,486 - qtpyvcp.plugins.notifications - INFO - Spindle-Warmup-Speed 18000rpm for 2 min. 

2020-03-01 17:51:51,486 - qtpyvcp.plugins.notifications - INFO - Spindle-Warmup-Speed 24000rpm for 1 min. 

2020-03-01 17:51:59,086 - qtpyvcp.plugins.notifications - INFO - aborting
2020-03-01 17:52:40,456 - qtpyvcp.actions.machine_actions - INFO - Issuing MDI command: o<spindle_warmup> call
2020-03-01 17:52:40,493 - qtpyvcp.plugins.notifications - INFO - Spindle-Warmup-Speed 12000rpm for 2 min. 

